   1   1   1   0   0   0  Jan
   1   3  14   0   0   0  Mar
   1   1   1   0   0   0  Jan
   1   3  14   0   0   0  Mar
   1   1   1   0   0   0  Jan
   1   3  14   0   0   0  Mar
   1   1   1   0   0   0  Jan
   1   3  14   0   0   0  Mar
   1   1   1   0   0   0  Jan
   1   3  14   0   0   0  Mar
   1   1   1   0   0   0  Jan
   1   3  14   0   0   0  Mar
   1   1   1   0   0   0  Jan
   1   3  14   0   0   0  Mar
   1   1   1   0   0   0  Jan
   1   1  25   0   0   0  Jan
   1   1   1   0   0   0  Jan
   1   1  25   0   0   0  Jan
   1   1   1   0   0   0  Jan
   1   1  25   0   0   0  Jan
   1   1   1   0   0   0  Jan
   1   1  25   0   0   0  Jan
   1   1   1   0   0   0  Jan
   1   1   7   0   0   0  Jan
   1   1   1   0   0   0  Jan
   1   1   7   0   0   0  Jan
   1   1   1   0   0   0  Jan
   1   3  14   0   0   0  Mar
   1   1   1   0   0   0  Jan
   1   2   5   0   0   0  Feb
   1   1   1   0   0   0  Jan
   1   4  11   0   0   0  Apr
   1   1   1   0   0   0  Jan
   1   4  11   0   0   0  Apr
   1   1   1   0   0   0  Jan
   1   3   7   0   0   0  Mar
   1   1   1   0   0   0  Jan
   1   5  31   0   0   0  May
   1   1   1   0   0   0  Jan
   1   5  31   0   0   0  May
   1   1   1   0   0   0  Jan
   1   5  31   0   0   0  May
   1   1   1   0   0   0  Jan
   1   5  31   0   0   0  May
   1   1   1   0   0   0  Jan
   1   1  26   0   0   0  Jan
   1   1   1   0   0   0  Jan
   1   1  26   0   0   0  Jan
   1   1   1   0   0   0  Jan
   1   2  20   0   0   0  Feb
   1   1   1   0   0   0  Jan
   1   2  20   0   0   0  Feb
   1   1   1   0   0   0  Jan
   1   2  20   0   0   0  Feb
   1   1   1   0   0   0  Jan
   1   2  20   0   0   0  Feb
   1   1   1   0   0   0  Jan
   1   2  20   0   0   0  Feb
   1   1   1   0   0   0  Jan
   1   2  20   0   0   0  Feb
   1   1   1   0   0   0  Jan
   1   2  20   0   0   0  Feb
   1   1   1   0   0   0  Jan
   1   2  20   0   0   0  Feb
   1   1   1   0   0   0  Jan
   1   2  20   0   0   0  Feb
   1   1   1   0   0   0  Jan
   1   2  20   0   0   0  Feb
   1   1   1   0   0   0  Jan
   1   2  20   0   0   0  Feb
   1   1   1   0   0   0  Jan
   1   2  20   0   0   0  Feb
   1   1   1   0   0   0  Jan
   1   2  20   0   0   0  Feb
   1   1   1   0   0   0  Jan
   1   2  20   0   0   0  Feb
   1   1   1   0   0   0  Jan
   1   2  20   0   0   0  Feb
   1   1   1   0   0   0  Jan
   1   2  20   0   0   0  Feb
   1   1   1   0   0   0  Jan
   1   2  20   0   0   0  Feb
   1   1   1   0   0   0  Jan
   1   4  11   0   0   0  Apr
   1   1   1   0   0   0  Jan
   1   4  11   0   0   0  Apr
   1   1   1   0   0   0  Jan
   1   4  11   0   0   0  Apr
   1   1   1   0   0   0  Jan
   1   4  11   0   0   0  Apr
   1   1   1   0   0   0  Jan
   1   4  11   0   0   0  Apr
   1   1   1   0   0   0  Jan
   1   2  10   0   0   0  Feb
   1   1   1   0   0   0  Jan
   1   1  28   0   0   0  Jan
   1   1   1   0   0   0  Jan
   1   1  28   0   0   0  Jan
   1   1   1   0   0   0  Jan
   1   1  28   0   0   0  Jan
   1   1   1   0   0   0  Jan
   1   1  28   0   0   0  Jan
   1   1   1   0   0   0  Jan
   1   1  18   0   0   0  Jan
   1   1   1   0   0   0  Jan
   1   1   6   0   0   0  Jan
   1   1   1   0   0   0  Jan
   1   1   6   0   0   0  Jan
   1   1   1   0   0   0  Jan
   1   1   6   0   0   0  Jan
   1   1   1   0   0   0  Jan
   1   1   6   0   0   0  Jan
   1   1   1   0   0   0  Jan
   1   1   2   0   0   0  Jan
   1   1   1   0   0   0  Jan
   1   1   2   0   0   0  Jan
   1   1   1   0   0   0  Jan
   1   1   2   0   0   0  Jan
   1   1   1   0   0   0  Jan
   1   1   2   0   0   0  Jan
   1   1   1   0   0   0  Jan
   1   1   2   0   0   0  Jan
   1   1   1   0   0   0  Jan
   1   1   2   0   0   0  Jan
   1   1   1   0   0   0  Jan
   1   1   2   0   0   0  Jan
   1   1   1   0   0   0  Jan
   1   1   2   0   0   0  Jan
   1   1   1   0   0   0  Jan
   1   1   2   0   0   0  Jan
   1   1   1   0   0   0  Jan
   1   1   2   0   0   0  Jan
   1   1   1   0   0   0  Jan
   1   1   2   0   0   0  Jan
   1   1   1   0   0   0  Jan
   1   1   2   0   0   0  Jan
   1   1   1   0   0   0  Jan
   1   1   2   0   0   0  Jan
   1   1   1   0   0   0  Jan
   1   1   3   0   0   0  Jan
   1   1   1   0   0   0  Jan
   1   1  28   0   0   0  Jan
   1   1   1   0   0   0  Jan
   1   2  20   0   0   0  Feb
   1   1   1   0   0   0  Jan
   1   2  20   0   0   0  Feb
   1   1   1   0   0   0  Jan
   1   2  20   0   0   0  Feb
   1   1   1   0   0   0  Jan
   1   2  20   0   0   0  Feb
   1   1   1   0   0   0  Jan
   1   2  20   0   0   0  Feb
   1   1   1   0   0   0  Jan
   1   2  20   0   0   0  Feb
   1   1   1   0   0   0  Jan
   1   1   3   0   0   0  Jan
   1   1   1   0   0   0  Jan
   1   1   3   0   0   0  Jan
   1   1   1   0   0   0  Jan
   1   1   1   6   0   0  Jan
   1   1   1   0   0   0  Jan
   1   1   1   6   0   0  Jan
   1   1   1   0   0   0  Jan
   1   1   1   6   0   0  Jan
   1   1   1   0   0   0  Jan
   1   1   1   6   0   0  Jan
   1   1   1   0   0   0  Jan
   1   1  11   0   0   0  Jan
   1   1   1   0   0   0  Jan
   1   1  11   0   0   0  Jan
   1   1   1   0   0   0  Jan
   1   1  11   0   0   0  Jan
   1   1   1   0   0   0  Jan
   1   1  31   0   0   0  Jan
   1   1   1   0   0   0  Jan
   1   1   3   0   0   0  Jan
   1   1   1   0   0   0  Jan
   1   1   3   0   0   0  Jan
   1   1   1   0   0   0  Jan
   1   1   3   0   0   0  Jan
   1   1   1   0   0   0  Jan
   1   1   3   0   0   0  Jan
   1   1   1   0   0   0  Jan
   1   1   3   0   0   0  Jan
   1   1   1   0   0   0  Jan
   1   1   1   0  30   0  Jan
   1   1   1   0   0   0  Jan
   1   1   1   0  30   0  Jan
   1   1   1   0   0   0  Jan
   1   1   1   0  30   0  Jan
   1   1   1   0   0   0  Jan
   1   1   1   0  30   0  Jan
   1   1   1   0   0   0  Jan
   1   1   1   0  30   0  Jan
   1   1   1   0   0   0  Jan
   1   1   1   0  30   0  Jan
   1   1   1   0   0   0  Jan
   1   1   1   0   3   0  Jan
   1   1   1   0   0   0  Jan
   1   1   1   0   3   0  Jan
   1   1   1   0   0   0  Jan
   1   1   1   1   0   0  Jan
   1   1   1   0   0   0  Jan
   1   1   1   1   0   0  Jan
   1   1   1   0   0   0  Jan
   1   1   1   1   0   0  Jan
   1   1   1   0   0   0  Jan
   1   1   1   1   0   0  Jan
   1   1   1   0   0   0  Jan
   1   1   1   1   0   0  Jan
   1   1   1   0   0   0  Jan
   1   1   1   1   0   0  Jan
   1   1   1   0   0   0  Jan
   1   1   1   1   0   0  Jan
   1   1   1   0   0   0  Jan
   1   1   1   1   0   0  Jan
   1   1   1   0   0   0  Jan
   1   1   1   1   0   0  Jan
   1   1   1   0   0   0  Jan
   1   1   2   0   0   0  Jan
   1   1   1   0   0   0  Jan
   1   1   2   0   0   0  Jan
   1   1   1   0   0   0  Jan
   1   1   2   0   0   0  Jan
   1   1   1   0   0   0  Jan
   1   1   2   0   0   0  Jan
